Setting breakpad minidump AppID = 641990
Steam_SetMinidumpSteamID:  Caching Steam ID:  76561199403121899 [API loaded no]
Wwise warning: AkInitializer.cs Awake() was not executed yet.  Set the Script Execution Order properly so the current call is executed after.Wwise warning: AkInitializer.cs Awake() was not executed yet.  Set the Script Execution Order properly so the current call is executed after.Wwise warning: AkInitializer.cs Awake() was not executed yet.  Set the Script Execution Order properly so the current call is executed after.bustness GLX_ARB_fbconfig_float GLX_ARB_framebuffer_sRGB GLX_ARB_get_proc_address GLX_ARB_multisample GLX_EXT_buffer_age GLX_EXT_create_context_es2_profile GLX_EXT_create_context_es_profile GLX_EXT_fbconfig_packed_float GLX_EXT_framebuffer_sRGB GLX_EXT_no_config_context GLX_EXT_swap_control GLX_EXT_swap_control_tear GLX_EXT_texture_from_pixmap GLX_EXT_visual_info GLX_EXT_visual_rating GLX_MESA_copy_sub_buffer GLX_MESA_gl_interop GLX_MESA_query_renderer GLX_MESA_swap_control GLX_OML_sync_control GLX_SGIS_multisample GLX_SGIX_fbconfig GLX_SGIX_pbuffer GLX_SGIX_visual_select_group GLX_SGI_make_current_read GLX_SGI_video_sync 
Setting maxVSyncInterval to 0
Renderer: Mesa Intel(R) UHD Graphics 620 (WHL GT2)
Vendor:   Intel
Version:  4.6 (Core Profile) Mesa 24.3.3-arch1.1
GLES:     0
 GL_3DFX_texture_compression_FXT1 GL_AMD_conservative_depth GL_AMD_depth_clamp_separate GL_AMD_draw_buffers_blend GL_AMD_gpu_shader_int64 GL_AMD_multi_draw_indirect GL_AMD_performance_monitor GL_AMD_pinned_memory GL_AMD_query_buffer_object GL_AMD_seamless_cubemap_per_texture GL_AMD_shader_stencil_export GL_AMD_shader_trinary_minmax GL_AMD_texture_texture4 GL_AMD_vertex_shader_layer GL_AMD_vertex_shader_viewport_index GL_ANGLE_texture_compression_dxt3 GL_ANGLE_texture_compression_dxt5 GL_ARB_ES2_compatibility GL_ARB_ES3_1_compatibility GL_ARB_ES3_2_compatibility GL_ARB_ES3_compatibility GL_ARB_arrays_of_arrays GL_ARB_base_instance GL_ARB_blend_func_extended GL_ARB_buffer_storage GL_ARB_clear_buffer_object GL_ARB_clear_texture GL_ARB_clip_control GL_ARB_compressed_texture_pixel_storage GL_ARB_compute_shader GL_ARB_compute_variable_group_size GL_ARB_conditional_render_inverted GL_ARB_conservative_depth GL_ARB_copy_buffer GL_ARB_copy_image GL_ARB_cull_distance GL_ARB_debug_output GL_ARB_depth_buffer_float GL_ARB
_depth_clamp GL_ARB_derivative_control GL_ARB_direct_state_access GL_ARB_draw_buffers GL_ARB_draw_buffers_blend GL_ARB_draw_elements_base_vertex GL_ARB_draw_indirect GL_ARB_draw_instanced GL_ARB_enhanced_layouts GL_ARB_explicit_attrib_location GL_ARB_explicit_uniform_location GL_ARB_fragment_coord_conventions GL_ARB_fragment_layer_viewport GL_ARB_fragment_shader GL_ARB_fragment_shader_interlock GL_ARB_framebuffer_no_attachments GL_ARB_framebuffer_object GL_ARB_framebuffer_sRGB GL_ARB_get_program_binary GL_ARB_get_texture_sub_image GL_ARB_gl_spirv GL_ARB_gpu_shader5 GL_ARB_gpu_shader_fp64 GL_ARB_gpu_shader_int64 GL_ARB_half_float_pixel GL_ARB_half_float_vertex GL_ARB_indirect_parameters GL_ARB_instanced_arrays GL_ARB_internalformat_query GL_ARB_internalformat_query2 GL_ARB_invalidate_subdata GL_ARB_map_buffer_alignment GL_ARB_map_buffer_range GL_ARB_multi_bind GL_ARB_multi_draw_indirect GL_ARB_occlusion_query2 GL_ARB_parallel_shader_compile GL_ARB_pipeline_statistics_query GL_ARB_pixel_buffer_object GL_ARB_po
int_sprite GL_ARB_polygon_offset_clamp GL_ARB_post_depth_coverage GL_ARB_program_interface_query GL_ARB_provoking_vertex GL_ARB_query_buffer_object GL_ARB_robust_buffer_access_behavior GL_ARB_robustness GL_ARB_sample_shading GL_ARB_sampler_objects GL_ARB_seamless_cube_map GL_ARB_seamless_cubemap_per_texture GL_ARB_separate_shader_objects GL_ARB_shader_atomic_counter_ops GL_ARB_shader_atomic_counters GL_ARB_shader_ballot GL_ARB_shader_bit_encoding GL_ARB_shader_clock GL_ARB_shader_draw_parameters GL_ARB_shader_group_vote GL_ARB_shader_image_load_store GL_ARB_shader_image_size GL_ARB_shader_objects GL_ARB_shader_precision GL_ARB_shader_stencil_export GL_ARB_shader_storage_buffer_object GL_ARB_shader_subroutine GL_ARB_shader_texture_image_samples GL_ARB_shader_texture_lod GL_ARB_shader_viewport_layer_array GL_ARB_shading_language_420pack GL_ARB_shading_language_include GL_ARB_shading_language_packing GL_ARB_spirv_extensions GL_ARB_stencil_texturing GL_ARB_sync GL_ARB_tessellation_shader GL_ARB_texture_barrier G
L_ARB_texture_border_clamp GL_ARB_texture_buffer_object GL_ARB_texture_buffer_object_rgb32 GL_ARB_texture_buffer_range GL_ARB_texture_compression_bptc GL_ARB_texture_compression_rgtc GL_ARB_texture_cube_map_array GL_ARB_texture_filter_anisotropic GL_ARB_texture_float GL_ARB_texture_gather GL_ARB_texture_mirror_clamp_to_edge GL_ARB_texture_multisample GL_ARB_texture_non_power_of_two GL_ARB_texture_query_levels GL_ARB_texture_query_lod GL_ARB_texture_rectangle GL_ARB_texture_rg GL_ARB_texture_rgb10_a2ui GL_ARB_texture_stencil8 GL_ARB_texture_storage GL_ARB_texture_storage_multisample GL_ARB_texture_swizzle GL_ARB_texture_view GL_ARB_timer_query GL_ARB_transform_feedback2 GL_ARB_transform_feedback3 GL_ARB_transform_feedback_instanced GL_ARB_transform_feedback_overflow_query GL_ARB_uniform_buffer_object GL_ARB_vertex_array_bgra GL_ARB_vertex_array_object GL_ARB_vertex_attrib_64bit GL_ARB_vertex_attrib_binding GL_ARB_vertex_buffer_object GL_ARB_vertex_shader GL_ARB_vertex_type_10f_11f_11f_rev GL_ARB_vertex_type_2
_10_10_10_rev GL_ARB_viewport_array GL_ATI_blend_equation_separate GL_ATI_texture_float GL_EXT_EGL_image_storage GL_EXT_EGL_image_storage_compression GL_EXT_EGL_sync GL_EXT_abgr GL_EXT_blend_equation_separate GL_EXT_debug_label GL_EXT_demote_to_helper_invocation GL_EXT_draw_buffers2 GL_EXT_draw_instanced GL_EXT_framebuffer_blit GL_EXT_framebuffer_multisample GL_EXT_framebuffer_multisample_blit_scaled GL_EXT_framebuffer_object GL_EXT_framebuffer_sRGB GL_EXT_memory_object GL_EXT_memory_object_fd GL_EXT_packed_depth_stencil GL_EXT_packed_float GL_EXT_pixel_buffer_object GL_EXT_polygon_offset_clamp GL_EXT_provoking_vertex GL_EXT_semaphore GL_EXT_semaphore_fd GL_EXT_shader_framebuffer_fetch GL_EXT_shader_framebuffer_fetch_non_coherent GL_EXT_shader_integer_mix GL_EXT_shader_samples_identical GL_EXT_texture_array GL_EXT_texture_compression_dxt1 GL_EXT_texture_compression_rgtc GL_EXT_texture_compression_s3tc GL_EXT_texture_filter_anisotropic GL_EXT_texture_integer GL_EXT_texture_sRGB GL_EXT_texture_sRGB_R8 GL_EXT_t
exture_sRGB_decode GL_EXT_texture_shadow_lod GL_EXT_texture_shared_exponent GL_EXT_texture_snorm GL_EXT_texture_storage GL_EXT_texture_swizzle GL_EXT_timer_query GL_EXT_transform_feedback GL_EXT_vertex_array_bgra GL_EXT_vertex_attrib_64bit GL_IBM_multimode_draw_arrays GL_INTEL_blackhole_render GL_INTEL_conservative_rasterization GL_INTEL_performance_query GL_INTEL_shader_atomic_float_minmax GL_INTEL_shader_integer_functions2 GL_KHR_blend_equation_advanced GL_KHR_blend_equation_advanced_coherent GL_KHR_context_flush_control GL_KHR_debug GL_KHR_no_error GL_KHR_parallel_shader_compile GL_KHR_robust_buffer_access_behavior GL_KHR_robustness GL_KHR_texture_compression_astc_ldr GL_KHR_texture_compression_astc_sliced_3d GL_MESA_framebuffer_flip_y GL_MESA_pack_invert GL_MESA_shader_integer_functions GL_MESA_texture_const_bandwidth GL_MESA_texture_signed_rgba GL_NV_alpha_to_coverage_dither_control GL_NV_compute_shader_derivatives GL_NV_conditional_render GL_NV_copy_image GL_NV_depth_clamp GL_NV_fragment_shader_interlo
ck GL_NV_packed_depth_stencil GL_NV_texture_barrier GL_OES_EGL_image GL_S3_s3tc
OPENGL LOG: Creating OpenGL 4.6 graphics device ; Context level  <OpenGL 4.5> ; Context handle 1111595952
Begin MonoManager ReloadAssembly
Platform assembly: /home/starstalker9160/.local/share/Steam/steamapps/common/The Escapists 2/TheEscapists2_Data/Managed/UnityEngine.dll (this message is harmless)
Loading /home/starstalker9160/.local/share/Steam/steamapps/common/The Escapists 2/TheEscapists2_Data/Managed/UnityEngine.dll into Unity Child Domain
Platform assembly: /home/starstalker9160/.local/share/Steam/steamapps/common/The Escapists 2/TheEscapists2_Data/Managed/Assembly-CSharp-firstpass.dll (this message is harmless)
Loading /home/starstalker9160/.local/share/Steam/steamapps/common/The Escapists 2/TheEscapists2_Data/Managed/Assembly-CSharp-firstpass.dll into Unity Child Domain
Platform assembly: /home/starstalker9160/.local/share/Steam/steamapps/common/The Escapists 2/TheEscapists2_Data/Managed/Assembly-CSharp.dll (this message is harmless)
Loading /home/starstalker9160/.local/share/Steam/steamapps/common/The Escapists 2/TheEscapists2_Data/Managed/Assembly-CSharp.dll into Unity Child Domain
Platform assembly: /home/starstalker9160/.local/share/Steam/steamapps/common/The Escapists 2/TheEscapists2_Data/Managed/UnityEngine.UI.dll (this message is harmless)
Loading /home/starstalker9160/.local/share/Steam/steamapps/common/The Escapists 2/TheEscapists2_Data/Managed/UnityEngine.UI.dll into Unity Child Domain
Platform assembly: /home/starstalker9160/.local/share/Steam/steamapps/common/The Escapists 2/TheEscapists2_Data/Managed/UnityEngine.Networking.dll (this message is harmless)
Loading /home/starstalker9160/.local/share/Steam/steamapps/common/The Escapists 2/TheEscapists2_Data/Managed/UnityEngine.Networking.dll into Unity Child Domain
Platform assembly: /home/starstalker9160/.local/share/Steam/steamapps/common/The Escapists 2/TheEscapists2_Data/Managed/UnityEngine.PlaymodeTestsRunner.dll (this message is harmless)
Loading /home/starstalker9160/.local/share/Steam/steamapps/common/The Escapists 2/TheEscapists2_Data/Managed/UnityEngine.PlaymodeTestsRunner.dll into Unity Child Domain
Platform assembly: /home/starstalker9160/.local/share/Steam/steamapps/common/The Escapists 2/TheEscapists2_Data/Managed/Pathfinding.ClipperLib.dll (this message is harmless)
Loading /home/starstalker9160/.local/share/Steam/steamapps/common/The Escapists 2/TheEscapists2_Data/Managed/Pathfinding.ClipperLib.dll into Unity Child Domain
Platform assembly: /home/starstalker9160/.local/share/Steam/steamapps/common/The Escapists 2/TheEscapists2_Data/Managed/Pathfinding.Ionic.Zip.Reduced.dll (this message is harmless)
Loading /home/starstalker9160/.local/share/Steam/steamapps/common/The Escapists 2/TheEscapists2_Data/Managed/Pathfinding.Ionic.Zip.Reduced.dll into Unity Child Domain
Platform assembly: /home/starstalker9160/.local/share/Steam/steamapps/common/The Escapists 2/TheEscapists2_Data/Managed/Pathfinding.JsonFx.dll (this message is harmless)
Loading /home/starstalker9160/.local/share/Steam/steamapps/common/The Escapists 2/TheEscapists2_Data/Managed/Pathfinding.JsonFx.dll into Unity Child Domain
Platform assembly: /home/starstalker9160/.local/share/Steam/steamapps/common/The Escapists 2/TheEscapists2_Data/Managed/Pathfinding.Poly2Tri.dll (this message is harmless)
Loading /home/starstalker9160/.local/share/Steam/steamapps/common/The Escapists 2/TheEscapists2_Data/Managed/Pathfinding.Poly2Tri.dll into Unity Child Domain
Platform assembly: /home/starstalker9160/.local/share/Steam/steamapps/common/The Escapists 2/TheEscapists2_Data/Managed/SampleClassLibrary.dll (this message is harmless)
Loading /home/starstalker9160/.local/share/Steam/steamapps/common/The Escapists 2/TheEscapists2_Data/Managed/SampleClassLibrary.dll into Unity Child Domain
Platform assembly: /home/starstalker9160/.local/share/Steam/steamapps/common/The Escapists 2/TheEscapists2_Data/Managed/Rewired_Core.dll (this message is harmless)
Loading /home/starstalker9160/.local/share/Steam/steamapps/common/The Escapists 2/TheEscapists2_Data/Managed/Rewired_Core.dll into Unity Child Domain
Platform assembly: /home/starstalker9160/.local/share/Steam/steamapps/common/The Escapists 2/TheEscapists2_Data/Managed/Rewired_Linux_Lib.dll (this message is harmless)
Loading /home/starstalker9160/.local/share/Steam/steamapps/common/The Escapists 2/TheEscapists2_Data/Managed/Rewired_Linux_Lib.dll into Unity Child Domain
Platform assembly: /home/starstalker9160/.local/share/Steam/steamapps/common/The Escapists 2/TheEscapists2_Data/Managed/TileSystem.Runtime.dll (this message is harmless)
Loading /home/starstalker9160/.local/share/Steam/steamapps/common/The Escapists 2/TheEscapists2_Data/Managed/TileSystem.Runtime.dll into Unity Child Domain
Platform assembly: /home/starstalker9160/.local/share/Steam/steamapps/common/The Escapists 2/TheEscapists2_Data/Managed/BadWordFilter.dll (this message is harmless)
Loading /home/starstalker9160/.local/share/Steam/steamapps/common/The Escapists 2/TheEscapists2_Data/Managed/BadWordFilter.dll into Unity Child Domain
Platform assembly: /home/starstalker9160/.local/share/Steam/steamapps/common/The Escapists 2/TheEscapists2_Data/Managed/Photon3Unity3D.dll (this message is harmless)
Loading /home/starstalker9160/.local/share/Steam/steamapps/common/The Escapists 2/TheEscapists2_Data/Managed/Photon3Unity3D.dll into Unity Child Domain
- Completed reload, in  0.054 seconds
Platform assembly: /home/starstalker9160/.local/share/Steam/steamapps/common/The Escapists 2/TheEscapists2_Data/Managed/System.Core.dll (this message is harmless)
Platform assembly: /home/starstalker9160/.local/share/Steam/steamapps/common/The Escapists 2/TheEscapists2_Data/Managed/System.dll (this message is harmless)
Default vsync count 0
requesting resize -1 x -1
Using native desktop resolution 1920 x 1080
requesting fullscreen 1920 x 1080 at 0 Hz
Desktop is 1920 x 1080 @ 60 Hz
Using libudev for joystick management


Importing game controller configs
Platform assembly: /home/starstalker9160/.local/share/Steam/steamapps/common/The Escapists 2/TheEscapists2_Data/Managed/System.Xml.dll (this message is harmless)
UnloadTime: 1.147000 ms
WwiseUnity: Initialize sound engine ...
WwiseUnity: Sound engine initialized.
Changing real window size to 100 x 100
Changing real window size to 935 x 982
Changing real window size to 1920 x 1080
Changing real window size to 935 x 982
Changing real window size to 1920 x 1080
Changing real window size to 1920 x 1080
Changing real window size to 1920 x 1080
Changing real window size to 1920 x 1080
Changing real window size to 1920 x 1080
Changing real window size to 1920 x 1080
Changing real window size to 1920 x 1080
Changing real window size to 1920 x 1080
Changing real window size to 1920 x 1080
Changing real window size to 1920 x 1080
Changing real window size to 1920 x 1080
Changing real window size to 1920 x 1080
Changing real window size to 1920 x 1080
Changing real window size to 1920 x 1080
Changing real window size to 1920 x 1080
Changing real window size to 1920 x 1080
Changing real window size to 1920 x 1080
Changing real window size to 1920 x 1080
Changing real window size to 1920 x 1080
Changing real window size to 1920 x 1080
Changing real window size to 1920 x 1080
Changing real window size to 1920 x 1080
Changing real window size to 1920 x 1080
Changing real window size to 1920 x 1080
Changing real window size to 1920 x 1080
Changing real window size to 1920 x 1080
Changing real window size to 1920 x 1080
Changing real window size to 1920 x 1080
ASSET MANAGER: loading bundle global
ASSET MANAGER: loading bundle fonts.dynamic
Setting up 2 worker threads for Enlighten.
  Thread -> id: 706c164ee6c0 -> priority: 1 
  Thread -> id: 706c15ced6c0 -> priority: 1 
The referenced script on this Behaviour (Game Object 'Managers') is missing!
 
(Filename:  Line: 1754)

Unloading 4 Unused Serialized files (Serialized files now loaded: 3)
UnloadTime: 2.319000 ms
ASSET MANAGER: creating duplicate instance. Deleting myself
 
(Filename: /home/builduser/buildslave/unity/build/artifacts/generated/common/runtime/DebugBindings.gen.cpp Line: 51)

===== Graphics Device Info ======
archlinux
PC
c9b5bf1725d54450be86f1b9263c6c62
Mesa Intel(R) UHD Graphics 620 (WHL GT2)
Intel
0
Device Version: OpenGL 4.6 (Core Profile) Mesa 24.3.3-arch1.1
Memory Size:512
Multithreaded Enabled: True
Shader Model Version: 50
Max Texture Size:16384
Supports Image Effects:True
===== Graphics Device Info End ======
 +++++   MAINLINE   +++++++  
The referenced script on this Behaviour (Game Object 'PersistentScripts') is missing!
 
(Filename:  Line: 1754)

The referenced script on this Behaviour (Game Object '<null>') is missing!
 
(Filename:  Line: 1754)

The referenced script on this Behaviour (Game Object 'PersistentScripts') is missing!
 
(Filename:  Line: 1754)

The referenced script on this Behaviour (Game Object 'PersistentScripts') is missing!
 
(Filename:  Line: 1754)

Bootstrap.ProcessCommandLine - Processing command line "/home/starstalker9160/.local/share/Steam/steamapps/common/The Escapists 2/TheEscapists2.x86_64"
 *1* command line /home/starstalker9160/.local/share/Steam/steamapps/common/The Escapists 2/TheEscapists2.x86_64
T17NetRoomGameView.ClearCustomProperties: !!!!!!!!
**DART** GLOBALSTART_MODE INIT
  ************  STEAM PLATFORM - Awake *******  
  ************  Platform       Awake *******  
  *********  star.stalker9160   dfgdfgdfg   
ASSET MANAGER: loading bundle rewiredinputsettings
**DART** GLOBALSTART_MODE START_LOAD_REWIRED
GoogleAnalyticsV3,Start: Google Analytics Auto Instrumentation Game Launch
GoogleAnalyticsV3:Initializing Google Analytics 0.1.
GoogleAnalyticsV3:Initializing Google Analytics -- Ver = DesktopCrossplay.28.666175
GoogleAnalyticsV3.Awake: Starting ExceptionReporting.

Unloading 81 unused Assets to reduce memory usage. Loaded Objects now: 14328.
Total: 33.159000 ms (FindLiveObjects: 0.592000 ms CreateObjectMapping: 0.631000 ms MarkObjects: 31.298000 ms  DeleteObjects: 0.638000 ms)

**DART** GLOBALSTART_MODE WAIT_FOR_LOAD_REWIRED
Non platform assembly: data-0x706baf41e550 (this message is harmless)
Fallback handler could not load library /home/starstalker9160/.local/share/Steam/steamapps/common/The Escapists 2/TheEscapists2_Data/Mono/x86_64/data-0x706baf41e550.so
Non platform assembly: data-0x706baf436a70 (this message is harmless)
Fallback handler could not load library /home/starstalker9160/.local/share/Steam/steamapps/common/The Escapists 2/TheEscapists2_Data/Mono/x86_64/data-0x706baf436a70.so
Non platform assembly: data-0x706baf45bf00 (this message is harmless)
Fallback handler could not load library /home/starstalker9160/.local/share/Steam/steamapps/common/The Escapists 2/TheEscapists2_Data/Mono/x86_64/data-0x706baf45bf00.so
Fallback handler could not load library /home/starstalker9160/.local/share/Steam/steamapps/common/The Escapists 2/TheEscapists2_Data/Mono/x86_64/libudev.so
Fallback handler could not load library /home/starstalker9160/.local/share/Steam/steamapps/common/The Escapists 2/TheEscapists2_Data/Mono/x86_64/./libudev.so
Fallback handler could not load library /home/starstalker9160/.local/share/Steam/steamapps/common/The Escapists 2/TheEscapists2_Data/Mono/x86_64/libudev.so
Fallback handler could not load library /home/starstalker9160/.local/share/Steam/steamapps/common/The Escapists 2/TheEscapists2_Data/Mono/x86_64/libudev.so
Fallback handler could not load library /home/starstalker9160/.local/share/Steam/steamapps/common/The Escapists 2/TheEscapists2_Data/Mono/x86_64/./libudev.so
Fallback handler could not load library /home/starstalker9160/.local/share/Steam/steamapps/common/The Escapists 2/TheEscapists2_Data/Mono/x86_64/libudev.so
Fallback handler could not load library /home/starstalker9160/.local/share/Steam/steamapps/common/The Escapists 2/TheEscapists2_Data/Mono/x86_64/libudev.so
Fallback handler could not load library /home/starstalker9160/.local/share/Steam/steamapps/common/The Escapists 2/TheEscapists2_Data/Mono/x86_64/./libudev.so
Fallback handler could not load library /home/starstalker9160/.local/share/Steam/steamapps/common/The Escapists 2/TheEscapists2_Data/Mono/x86_64/libudev.so
Fallback handler could not load library /home/starstalker9160/.local/share/Steam/steamapps/common/The Escapists 2/TheEscapists2_Data/Mono/x86_64/libudev.so
Fallback handler could not load library /home/starstalker9160/.local/share/Steam/steamapps/common/The Escapists 2/TheEscapists2_Data/Mono/x86_64/./libudev.so
Fallback handler could not load library /home/starstalker9160/.local/share/Steam/steamapps/common/The Escapists 2/TheEscapists2_Data/Mono/x86_64/libudev.so
Fallback handler could not load library /home/starstalker9160/.local/share/Steam/steamapps/common/The Escapists 2/TheEscapists2_Data/Mono/x86_64/libudev.so
Fallback handler could not load library /home/starstalker9160/.local/share/Steam/steamapps/common/The Escapists 2/TheEscapists2_Data/Mono/x86_64/./libudev.so
Fallback handler could not load library /home/starstalker9160/.local/share/Steam/steamapps/common/The Escapists 2/TheEscapists2_Data/Mono/x86_64/libudev.so
Fallback handler could not load library /home/starstalker9160/.local/share/Steam/steamapps/common/The Escapists 2/TheEscapists2_Data/Mono/x86_64/libudev.so
Fallback handler could not load library /home/starstalker9160/.local/share/Steam/steamapps/common/The Escapists 2/TheEscapists2_Data/Mono/x86_64/./libudev.so
Fallback handler could not load library /home/starstalker9160/.local/share/Steam/steamapps/common/The Escapists 2/TheEscapists2_Data/Mono/x86_64/libudev.so
Fallback handler could not load library /home/starstalker9160/.local/share/Steam/steamapps/common/The Escapists 2/TheEscapists2_Data/Mono/x86_64/libudev.so
Fallback handler could not load library /home/starstalker9160/.local/share/Steam/steamapps/common/The Escapists 2/TheEscapists2_Data/Mono/x86_64/./libudev.so
Fallback handler could not load library /home/starstalker9160/.local/share/Steam/steamapps/common/The Escapists 2/TheEscapists2_Data/Mono/x86_64/libudev.so
Fallback handler could not load library /home/starstalker9160/.local/share/Steam/steamapps/common/The Escapists 2/TheEscapists2_Data/Mono/x86_64/libudev.so
Fallback handler could not load library /home/starstalker9160/.local/share/Steam/steamapps/common/The Escapists 2/TheEscapists2_Data/Mono/x86_64/./libudev.so
Fallback handler could not load library /home/starstalker9160/.local/share/Steam/steamapps/common/The Escapists 2/TheEscapists2_Data/Mono/x86_64/libudev.so
Fallback handler could not load library /home/starstalker9160/.local/share/Steam/steamapps/common/The Escapists 2/TheEscapists2_Data/Mono/x86_64/libudev.so
Fallback handler could not load library /home/starstalker9160/.local/share/Steam/steamapps/common/The Escapists 2/TheEscapists2_Data/Mono/x86_64/./libudev.so
Fallback handler could not load library /home/starstalker9160/.local/share/Steam/steamapps/common/The Escapists 2/TheEscapists2_Data/Mono/x86_64/libudev.so
Fallback handler could not load library /home/starstalker9160/.local/share/Steam/steamapps/common/The Escapists 2/TheEscapists2_Data/Mono/x86_64/libudev.so
Fallback handler could not load library /home/starstalker9160/.local/share/Steam/steamapps/common/The Escapists 2/TheEscapists2_Data/Mono/x86_64/./libudev.so
Fallback handler could not load library /home/starstalker9160/.local/share/Steam/steamapps/common/The Escapists 2/TheEscapists2_Data/Mono/x86_64/libudev.so
Fallback handler could not load library /home/starstalker9160/.local/share/Steam/steamapps/common/The Escapists 2/TheEscapists2_Data/Mono/x86_64/libudev.so
Fallback handler could not load library /home/starstalker9160/.local/share/Steam/steamapps/common/The Escapists 2/TheEscapists2_Data/Mono/x86_64/./libudev.so
Fallback handler could not load library /home/starstalker9160/.local/share/Steam/steamapps/common/The Escapists 2/TheEscapists2_Data/Mono/x86_64/libudev.so
Fallback handler could not load library /home/starstalker9160/.local/share/Steam/steamapps/common/The Escapists 2/TheEscapists2_Data/Mono/x86_64/libudev.so
Fallback handler could not load library /home/starstalker9160/.local/share/Steam/steamapps/common/The Escapists 2/TheEscapists2_Data/Mono/x86_64/./libudev.so
Fallback handler could not load library /home/starstalker9160/.local/share/Steam/steamapps/common/The Escapists 2/TheEscapists2_Data/Mono/x86_64/libudev.so
Fallback handler could not load library /home/starstalker9160/.local/share/Steam/steamapps/common/The Escapists 2/TheEscapists2_Data/Mono/x86_64/libudev.so
Fallback handler could not load library /home/starstalker9160/.local/share/Steam/steamapps/common/The Escapists 2/TheEscapists2_Data/Mono/x86_64/./libudev.so
Fallback handler could not load library /home/starstalker9160/.local/share/Steam/steamapps/common/The Escapists 2/TheEscapists2_Data/Mono/x86_64/libudev.so
Fallback handler could not load library /home/starstalker9160/.local/share/Steam/steamapps/common/The Escapists 2/TheEscapists2_Data/Mono/x86_64/libudev.so
Fallback handler could not load library /home/starstalker9160/.local/share/Steam/steamapps/common/The Escapists 2/TheEscapists2_Data/Mono/x86_64/./libudev.so
Fallback handler could not load library /home/starstalker9160/.local/share/Steam/steamapps/common/The Escapists 2/TheEscapists2_Data/Mono/x86_64/libudev.so
Fallback handler could not load library /home/starstalker9160/.local/share/Steam/steamapps/common/The Escapists 2/TheEscapists2_Data/Mono/x86_64/libudev.so
Fallback handler could not load library /home/starstalker9160/.local/share/Steam/steamapps/common/The Escapists 2/TheEscapists2_Data/Mono/x86_64/./libudev.so
Fallback handler could not load library /home/starstalker9160/.local/share/Steam/steamapps/common/The Escapists 2/TheEscapists2_Data/Mono/x86_64/libudev.so
Fallback handler could not load library /home/starstalker9160/.local/share/Steam/steamapps/common/The Escapists 2/TheEscapists2_Data/Mono/x86_64/libudev.so
Fallback handler could not load library /home/starstalker9160/.local/share/Steam/steamapps/common/The Escapists 2/TheEscapists2_Data/Mono/x86_64/./libudev.so
Fallback handler could not load library /home/starstalker9160/.local/share/Steam/steamapps/common/The Escapists 2/TheEscapists2_Data/Mono/x86_64/libudev.so
Fallback handler could not load library /home/starstalker9160/.local/share/Steam/steamapps/common/The Escapists 2/TheEscapists2_Data/Mono/x86_64/libudev.so
Fallback handler could not load library /home/starstalker9160/.local/share/Steam/steamapps/common/The Escapists 2/TheEscapists2_Data/Mono/x86_64/./libudev.so
Fallback handler could not load library /home/starstalker9160/.local/share/Steam/steamapps/common/The Escapists 2/TheEscapists2_Data/Mono/x86_64/libudev.so
Fallback handler could not load library /home/starstalker9160/.local/share/Steam/steamapps/common/The Escapists 2/TheEscapists2_Data/Mono/x86_64/libudev.so
Fallback handler could not load library /home/starstalker9160/.local/share/Steam/steamapps/common/The Escapists 2/TheEscapists2_Data/Mono/x86_64/./libudev.so
Fallback handler could not load library /home/starstalker9160/.local/share/Steam/steamapps/common/The Escapists 2/TheEscapists2_Data/Mono/x86_64/libudev.so
Fallback handler could not load library /home/starstalker9160/.local/share/Steam/steamapps/common/The Escapists 2/TheEscapists2_Data/Mono/x86_64/libudev.so
Fallback handler could not load library /home/starstalker9160/.local/share/Steam/steamapps/common/The Escapists 2/TheEscapists2_Data/Mono/x86_64/./libudev.so
Fallback handler could not load library /home/starstalker9160/.local/share/Steam/steamapps/common/The Escapists 2/TheEscapists2_Data/Mono/x86_64/libudev.so
Fallback handler could not load library /home/starstalker9160/.local/share/Steam/steamapps/common/The Escapists 2/TheEscapists2_Data/Mono/x86_64/libudev.so
Fallback handler could not load library /home/starstalker9160/.local/share/Steam/steamapps/common/The Escapists 2/TheEscapists2_Data/Mono/x86_64/./libudev.so
Fallback handler could not load library /home/starstalker9160/.local/share/Steam/steamapps/common/The Escapists 2/TheEscapists2_Data/Mono/x86_64/libudev.so
Fallback handler could not load library /home/starstalker9160/.local/share/Steam/steamapps/common/The Escapists 2/TheEscapists2_Data/Mono/x86_64/libudev.so
Fallback handler could not load library /home/starstalker9160/.local/share/Steam/steamapps/common/The Escapists 2/TheEscapists2_Data/Mono/x86_64/./libudev.so
Fallback handler could not load library /home/starstalker9160/.local/share/Steam/steamapps/common/The Escapists 2/TheEscapists2_Data/Mono/x86_64/libudev.so
ASSET MANAGER: loading bundle boot
**DART** GLOBALSTART_MODE START_LOAD_BOOT
STEAM ACHIEVEMENTS: OnUserStatsReceived result=k_EResultOK
**DART** GLOBALSTART_MODE WAIT_FOR_LOAD_BOOT
BootFlowMode = INIT
 
(Filename: /home/builduser/buildslave/unity/build/artifacts/generated/common/runtime/DebugBindings.gen.cpp Line: 51)

**DART** GLOBALSTART_MODE SHOW_BOOT
Can't execute Disconnect() while not connected. Nothing changed. State: PeerCreated
 
(Filename: /home/builduser/buildslave/unity/build/artifacts/generated/common/runtime/DebugBindings.gen.cpp Line: 51)

 *************    OnMasterClientSwitched   *******************   
OnMasterClientSwitched: Master client is ID 1 local: True 
 
(Filename: /home/builduser/buildslave/unity/build/artifacts/generated/common/runtime/DebugBindings.gen.cpp Line: 51)

BootFlowMode = SHOW_LEGAL_PANEL
 
(Filename: /home/builduser/buildslave/unity/build/artifacts/generated/common/runtime/DebugBindings.gen.cpp Line: 51)

requesting resize 1920 x 1080
Using native desktop resolution 1920 x 1080
requesting fullscreen 1920 x 1080 at 60 Hz
Desktop is 1920 x 1080 @ 60 Hz
ASSET MANAGER: loading bundle loading
ASSET MANAGER: loading bundle frontend
BootFlowMode = WF_LEGAL_PANEL
 
(Filename: /home/builduser/buildslave/unity/build/artifacts/generated/common/runtime/DebugBindings.gen.cpp Line: 51)

ASSET MANAGER: loading bundle frontendeditor
BootFlowMode = SHOW_UNITY_PANEL
 
(Filename: /home/builduser/buildslave/unity/build/artifacts/generated/common/runtime/DebugBindings.gen.cpp Line: 51)

BootFlowMode = SHOW_AUTOSAVE_PANEL
 
(Filename: /home/builduser/buildslave/unity/build/artifacts/generated/common/runtime/DebugBindings.gen.cpp Line: 51)

BootFlowMode = WF_AUTOSAVE_PANEL
 
(Filename: /home/builduser/buildslave/unity/build/artifacts/generated/common/runtime/DebugBindings.gen.cpp Line: 51)

BootFlowMode = SHOW_LOGO_VIDEO
 
(Filename: /home/builduser/buildslave/unity/build/artifacts/generated/common/runtime/DebugBindings.gen.cpp Line: 51)

BootFlowMode = SHOW_BOOT_SCREEN
 
(Filename: /home/builduser/buildslave/unity/build/artifacts/generated/common/runtime/DebugBindings.gen.cpp Line: 51)

BootFlowMode = WAIT_FOR_BOOT_SCREEN
 
(Filename: /home/builduser/buildslave/unity/build/artifacts/generated/common/runtime/DebugBindings.gen.cpp Line: 51)

BootFlowMode = SHOW_START
 
(Filename: /home/builduser/buildslave/unity/build/artifacts/generated/common/runtime/DebugBindings.gen.cpp Line: 51)

BootFlowMode = WAIT_FOR_CURTAIN_RAISE
 
(Filename: /home/builduser/buildslave/unity/build/artifacts/generated/common/runtime/DebugBindings.gen.cpp Line: 51)

**DART** Start
********  CheckAndExecStartUpCommand   ***** 
BootFlowMode = WAIT_FOR_START
 
(Filename: /home/builduser/buildslave/unity/build/artifacts/generated/common/runtime/DebugBindings.gen.cpp Line: 51)

BootFlowMode = POST_SIGNIN
 
(Filename: /home/builduser/buildslave/unity/build/artifacts/generated/common/runtime/DebugBindings.gen.cpp Line: 51)

BootFlowMode = WAIT_FOR_SLIDEOFF
 
(Filename: /home/builduser/buildslave/unity/build/artifacts/generated/common/runtime/DebugBindings.gen.cpp Line: 51)

BootFlowMode = POST_START
 
(Filename: /home/builduser/buildslave/unity/build/artifacts/generated/common/runtime/DebugBindings.gen.cpp Line: 51)

BootFlowMode = LOADING_GLOBAL_SAVEDATA
 
(Filename: /home/builduser/buildslave/unity/build/artifacts/generated/common/runtime/DebugBindings.gen.cpp Line: 51)

BootFlowMode = LOADING_SAVEMANAGER_DATA
 
(Filename: /home/builduser/buildslave/unity/build/artifacts/generated/common/runtime/DebugBindings.gen.cpp Line: 51)

BootFlowMode = WF_LOAD_OR_NEWSAVE
 
(Filename: /home/builduser/buildslave/unity/build/artifacts/generated/common/runtime/DebugBindings.gen.cpp Line: 51)

BENCHMARK: 0.4372482s - 23fps.
requesting resize 1920 x 1080
Using native desktop resolution 1920 x 1080
requesting fullscreen 1920 x 1080 at 0 Hz
Desktop is 1920 x 1080 @ 60 Hz
**DART** GLOBALSTART_MODE KILL_BOOT
BootFlowMode = DONE
 
(Filename: /home/builduser/buildslave/unity/build/artifacts/generated/common/runtime/DebugBindings.gen.cpp Line: 51)

  ******  DeleteBootScene  ***
**DART** GLOBALSTART_MODE WAIT_FOR_KILL_BOOT
ASSET MANAGER: unloading bundle boot all assets = True
  ******  DeleteBootScene  ** 1 *
Unloading 3 Unused Serialized files (Serialized files now loaded: 11)

Unloading 27 unused Assets to reduce memory usage. Loaded Objects now: 52560.
Total: 82.528999 ms (FindLiveObjects: 5.312000 ms CreateObjectMapping: 5.070000 ms MarkObjects: 72.000000 ms  DeleteObjects: 0.143000 ms)

  ******  DeleteBootScene  ** 2 *
**DART** GLOBALSTART_MODE WAIT_FOR_LOAD_FRONTEND
**DART** GLOBALSTART_MODE CHECK_INVITES
**DART** OnSelect CampaignButton
**DART** Menu 
Processing 11 potential dlc popups
Ignoring dlc EscapistsSwitch because its not available on our platform
Ignoring dlc RobinsonUpdate due to save reasons
Ignoring dlc UnlockUpdate due to save reasons
Showing DLC popup DLC06
**DART** Menu GIVE ME A TITLE!
**DART** OnSelect OKButton
**DART** GLOBALSTART_MODE SHOW_FRONTEND
T17PhotonNetworking: Setting TimePingInterval to 1000ms
**DART** OnSelect CampaignButton
Processing 11 potential dlc popups
Ignoring dlc EscapistsSwitch because its not available on our platform
We have already seen dlc RobinsonUpdate
We have already seen dlc UnlockUpdate
We have already seen dlc DLC06
Showing DLC popup DLC05
**DART** OnSelect OKButton
**DART** Menu GIVE ME A TITLE!
**DART** OnSelect OKButton
T17PhotonNetworking: Setting TimePingInterval to 1000ms
T17PhotonNetworking: Initialising photon connection TimePingInterval: 1000
PHOTON: connecting to ns.exitgames.com:5058
Platform assembly: /home/starstalker9160/.local/share/Steam/steamapps/common/The Escapists 2/TheEscapists2_Data/Managed/System.Configuration.dll (this message is harmless)
**DART** OnSelect CampaignButton
Processing 11 potential dlc popups
Ignoring dlc EscapistsSwitch because its not available on our platform
We have already seen dlc RobinsonUpdate
We have already seen dlc UnlockUpdate
We have already seen dlc DLC06
We have already seen dlc DLC05
Showing DLC popup DLC04
**DART** OnSelect OKButton
**DART** Menu GIVE ME A TITLE!
Processing 11 potential dlc popups
Ignoring dlc EscapistsSwitch because its not available on our platform
We have already seen dlc RobinsonUpdate
We have already seen dlc UnlockUpdate
We have already seen dlc DLC06
We have already seen dlc DLC05
We have already seen dlc DLC04
Showing DLC popup DLC03
**DART** OnSelect OKButton
**DART** Menu GIVE ME A TITLE!
Processing 11 potential dlc popups
Ignoring dlc EscapistsSwitch because its not available on our platform
We have already seen dlc RobinsonUpdate
We have already seen dlc UnlockUpdate
We have already seen dlc DLC06
We have already seen dlc DLC05
We have already seen dlc DLC04
We have already seen dlc DLC03
Showing DLC popup DLC02
**DART** OnSelect OKButton
**DART** Menu GIVE ME A TITLE!
Processing 11 potential dlc popups
Ignoring dlc EscapistsSwitch because its not available on our platform
We have already seen dlc RobinsonUpdate
We have already seen dlc UnlockUpdate
We have already seen dlc DLC06
We have already seen dlc DLC05
We have already seen dlc DLC04
We have already seen dlc DLC03
We have already seen dlc DLC02
Showing DLC popup DLC1
**DART** OnSelect OKButton
**DART** Menu GIVE ME A TITLE!
Processing 11 potential dlc popups
Ignoring dlc EscapistsSwitch because its not available on our platform
We have already seen dlc RobinsonUpdate
We have already seen dlc UnlockUpdate
We have already seen dlc DLC06
We have already seen dlc DLC05
We have already seen dlc DLC04
We have already seen dlc DLC03
We have already seen dlc DLC02
We have already seen dlc DLC1
Ignoring dlc SeasonPass because its not available on our platform
Showing DLC popup SeasonPass
**DART** OnSelect OKButton
**DART** Menu GIVE ME A TITLE!
Processing 11 potential dlc popups
Ignoring dlc EscapistsSwitch because its not available on our platform
We have already seen dlc RobinsonUpdate
We have already seen dlc UnlockUpdate
We have already seen dlc DLC06
We have already seen dlc DLC05
We have already seen dlc DLC04
We have already seen dlc DLC03
We have already seen dlc DLC02
We have already seen dlc DLC1
Ignoring dlc SeasonPass because its not available on our platform
We have already seen dlc SeasonPass
**DART** OnSelect CampaignButton
**DART** OnSelect NewGameButton
**DART** Menu Text.Menu.Campaign
T17NetRoomGameView.ClearCustomProperties: !!!!!!!!
**DART** Menu GIVE ME A TITLE!
**DART** OnSelect OKButton
**DART** OnSelect NewGameButton
BestRegion checks region: 'eu' 	170ms 	79.133.126.228:5055
BestRegion checks region: 'us' 	256ms 	45.67.211.164:5055
BestRegion checks region: 'asia' 	123ms 	91.243.81.149:5055
BestRegion checks region: 'rue' 	182ms 	216.120.180.31:5055
Found best region: asia ping: 123. Calling ConnectToRegionMaster() is: True
**DART** OnSelect PrisonArrowLeft
**DART** OnSelect PrisonArrowLeft
**DART** OnSelect PrisonArrowLeft
**DART** OnSelect PrisonArrowRight
**DART** OnSelect PrisonArrowRight
**DART** OnSelect PrisonArrowRight
**DART** OnSelect PrisonArrowRight
**DART** OnSelect PrisonArrowRight
**DART** OnSelect PrisonArrowLeft
**DART** OnSelect PrisonArrowLeft
**DART** OnSelect PrisonArrowLeft
Changing real window size to 927 x 974
Changing real window size to 1920 x 1080
Changing real window size to 927 x 974
Changing real window size to 1920 x 1080
Changing real window size to 927 x 974
Changing real window size to 927 x 974
Changing real window size to 927 x 974
Changing real window size to 927 x 974
Changing real window size to 927 x 974
Changing real window size to 927 x 974
Changing real window size to 927 x 974
Changing real window size to 927 x 974
Changing real window size to 927 x 974
Changing real window size to 927 x 974
Changing real window size to 927 x 974
Changing real window size to 927 x 974
Changing real window size to 927 x 974
Changing real window size to 927 x 974
Changing real window size to 927 x 974
Changing real window size to 927 x 974
Changing real window size to 927 x 974
Changing real window size to 927 x 974
Changing real window size to 927 x 974
Changing real window size to 927 x 974
Changing real window size to 927 x 974
Changing real window size to 927 x 974
Changing real window size to 927 x 974
Changing real window size to 927 x 974
Changing real window size to 927 x 974
Changing real window size to 927 x 974
Changing real window size to 927 x 974
Changing real window size to 927 x 974
Changing real window size to 1920 x 1080
Changing real window size to 927 x 974
Changing real window size to 1920 x 1080
